<?xml version="1.0" encoding="UTF-8"?>
<!-- Generated by org.testng.reporters.JUnitXMLReporter -->
<testsuite ignored="0" hostname="Gokul" failures="0" tests="1" name="Default test" time="0.65" errors="0" timestamp="2023-08-10T17:44:24 IST">
  <testcase classname="BaseMethod.AndroidBaseClass" name="@BeforeClass configurationForAppium" time="0.612">
    <failure type="org.openqa.selenium.SessionNotCreatedException" message="Could not start a new session. Response code 500. Message: An unknown server-side error occurred while processing the command. Original error: Could not find &amp;apos;adb.exe&amp;apos; in [&amp;quot;C:\\Users\\gokul\\AppData\\Local\\Android\\Sdk\\tools\\bin\\platform-tools\\adb.exe&amp;quot;,&amp;quot;C:\\Users\\gokul\\AppData\\Local\\Android\\Sdk\\tools\\bin\\emulator\\adb.exe&amp;quot;,&amp;quot;C:\\Users\\gokul\\AppData\\Local\\Android\\Sdk\\tools\\bin\\cmdline-tools\\latest\\bin\\adb.exe&amp;quot;,&amp;quot;C:\\Users\\gokul\\AppData\\Local\\Android\\Sdk\\tools\\bin\\tools\\adb.exe&amp;quot;,&amp;quot;C:\\Users\\gokul\\AppData\\Local\\Android\\Sdk\\tools\\bin\\tools\\bin\\adb.exe&amp;quot;,&amp;quot;C:\\Users\\gokul\\AppData\\Local\\Android\\Sdk\\tools\\bin\\adb.exe&amp;quot;]. Do you have Android Build Tools installed at &amp;apos;C:\Users\gokul\AppData\Local\Android\Sdk\tools\bin&amp;apos;? 
Host info: host: &amp;apos;GOKUL&amp;apos;, ip: &amp;apos;192.168.1.14&amp;apos;
Build info: version: &amp;apos;4.11.0&amp;apos;, revision: &amp;apos;040bc5406b&amp;apos;
System info: os.name: &amp;apos;Windows 11&amp;apos;, os.arch: &amp;apos;amd64&amp;apos;, os.version: &amp;apos;10.0&amp;apos;, java.version: &amp;apos;17.0.4.1&amp;apos;
Driver info: io.appium.java_client.android.AndroidDriver
Command: [null, newSession {capabilities=[{appium:appActivity=com.google.android.apps.youtube.app.watchwhile.WatchWhileActivity, appium:appPackage=com.google.android.youtube, appium:automationName=UIAutomator2, appium:deviceName=emulator-5554, appium:newCommandTimeout=100000, appium:noReset=true, platformName=ANDROID, appium:platformVersion=14}], desiredCapabilities=Capabilities {appActivity: com.google.android.apps.you..., appPackage: com.google.android.youtube, automationName: UIAutomator2, deviceName: emulator-5554, newCommandTimeout: 100000, noReset: true, platformName: ANDROID, platformVersion: 14}}]
Capabilities {appActivity: com.google.android.apps.you..., appPackage: com.google.android.youtube, automationName: UIAutomator2, deviceName: emulator-5554, newCommandTimeout: 100000, noReset: true, platformName: ANDROID, platformVersion: 14}">
      <![CDATA[org.openqa.selenium.SessionNotCreatedException: Could not start a new session. Response code 500. Message: An unknown server-side error occurred while processing the command. Original error: Could not find 'adb.exe' in ["C:\\Users\\gokul\\AppData\\Local\\Android\\Sdk\\tools\\bin\\platform-tools\\adb.exe","C:\\Users\\gokul\\AppData\\Local\\Android\\Sdk\\tools\\bin\\emulator\\adb.exe","C:\\Users\\gokul\\AppData\\Local\\Android\\Sdk\\tools\\bin\\cmdline-tools\\latest\\bin\\adb.exe","C:\\Users\\gokul\\AppData\\Local\\Android\\Sdk\\tools\\bin\\tools\\adb.exe","C:\\Users\\gokul\\AppData\\Local\\Android\\Sdk\\tools\\bin\\tools\\bin\\adb.exe","C:\\Users\\gokul\\AppData\\Local\\Android\\Sdk\\tools\\bin\\adb.exe"]. Do you have Android Build Tools installed at 'C:\Users\gokul\AppData\Local\Android\Sdk\tools\bin'? 
Host info: host: 'GOKUL', ip: '192.168.1.14'
Build info: version: '4.11.0', revision: '040bc5406b'
System info: os.name: 'Windows 11', os.arch: 'amd64', os.version: '10.0', java.version: '17.0.4.1'
Driver info: io.appium.java_client.android.AndroidDriver
Command: [null, newSession {capabilities=[{appium:appActivity=com.google.android.apps.youtube.app.watchwhile.WatchWhileActivity, appium:appPackage=com.google.android.youtube, appium:automationName=UIAutomator2, appium:deviceName=emulator-5554, appium:newCommandTimeout=100000, appium:noReset=true, platformName=ANDROID, appium:platformVersion=14}], desiredCapabilities=Capabilities {appActivity: com.google.android.apps.you..., appPackage: com.google.android.youtube, automationName: UIAutomator2, deviceName: emulator-5554, newCommandTimeout: 100000, noReset: true, platformName: ANDROID, platformVersion: 14}}]
Capabilities {appActivity: com.google.android.apps.you..., appPackage: com.google.android.youtube, automationName: UIAutomator2, deviceName: emulator-5554, newCommandTimeout: 100000, noReset: true, platformName: ANDROID, platformVersion: 14}
at org.openqa.selenium.remote.ProtocolHandshake.createSession(ProtocolHandshake.java:140)
at java.base/jdk.internal.reflect.NativeMethodAccessorImpl.invoke0(Native Method)
at java.base/jdk.internal.reflect.NativeMethodAccessorImpl.invoke(NativeMethodAccessorImpl.java:77)
at java.base/jdk.internal.reflect.DelegatingMethodAccessorImpl.invoke(DelegatingMethodAccessorImpl.java:43)
at java.base/java.lang.reflect.Method.invoke(Method.java:568)
at io.appium.java_client.remote.AppiumProtocolHandshake.createSession(AppiumProtocolHandshake.java:133)
at io.appium.java_client.remote.AppiumProtocolHandshake.createSession(AppiumProtocolHandshake.java:102)
at io.appium.java_client.remote.AppiumCommandExecutor.createSession(AppiumCommandExecutor.java:182)
at io.appium.java_client.remote.AppiumCommandExecutor.execute(AppiumCommandExecutor.java:250)
at org.openqa.selenium.remote.RemoteWebDriver.execute(RemoteWebDriver.java:518)
at io.appium.java_client.AppiumDriver.startSession(AppiumDriver.java:274)
at org.openqa.selenium.remote.RemoteWebDriver.<init>(RemoteWebDriver.java:159)
at io.appium.java_client.AppiumDriver.<init>(AppiumDriver.java:89)
at io.appium.java_client.AppiumDriver.<init>(AppiumDriver.java:101)
at io.appium.java_client.android.AndroidDriver.<init>(AndroidDriver.java:113)
at BaseMethod.AndroidBaseClass.configurationForAppium(AndroidBaseClass.java:52)
at java.base/jdk.internal.reflect.NativeMethodAccessorImpl.invoke0(Native Method)
at java.base/jdk.internal.reflect.NativeMethodAccessorImpl.invoke(NativeMethodAccessorImpl.java:77)
at java.base/jdk.internal.reflect.DelegatingMethodAccessorImpl.invoke(DelegatingMethodAccessorImpl.java:43)
at java.base/java.lang.reflect.Method.invoke(Method.java:568)
at org.testng.internal.invokers.MethodInvocationHelper.invokeMethod(MethodInvocationHelper.java:139)
at org.testng.internal.invokers.MethodInvocationHelper.invokeMethodConsideringTimeout(MethodInvocationHelper.java:69)
at org.testng.internal.invokers.ConfigInvoker.invokeConfigurationMethod(ConfigInvoker.java:390)
at org.testng.internal.invokers.ConfigInvoker.invokeConfigurations(ConfigInvoker.java:325)
at org.testng.internal.invokers.TestMethodWorker.invokeBeforeClassMethods(TestMethodWorker.java:180)
at org.testng.internal.invokers.TestMethodWorker.run(TestMethodWorker.java:122)
at java.base/java.util.ArrayList.forEach(ArrayList.java:1511)
at org.testng.TestRunner.privateRun(TestRunner.java:848)
at org.testng.TestRunner.run(TestRunner.java:621)
at org.testng.SuiteRunner.runTest(SuiteRunner.java:443)
at org.testng.SuiteRunner.runSequentially(SuiteRunner.java:437)
at org.testng.SuiteRunner.privateRun(SuiteRunner.java:397)
at org.testng.SuiteRunner.run(SuiteRunner.java:336)
at org.testng.SuiteRunnerWorker.runSuite(SuiteRunnerWorker.java:52)
at org.testng.SuiteRunnerWorker.run(SuiteRunnerWorker.java:95)
at org.testng.TestNG.runSuitesSequentially(TestNG.java:1280)
at org.testng.TestNG.runSuitesLocally(TestNG.java:1200)
at org.testng.TestNG.runSuites(TestNG.java:1114)
at org.testng.TestNG.run(TestNG.java:1082)
at org.testng.remote.AbstractRemoteTestNG.run(AbstractRemoteTestNG.java:115)
at org.testng.remote.RemoteTestNG.initAndRun(RemoteTestNG.java:251)
at org.testng.remote.RemoteTestNG.main(RemoteTestNG.java:77)
]]>
    </failure>
  </testcase> <!-- @BeforeClass configurationForAppium -->
  <testcase classname="BaseMethod.ApplicationOpen" name="calculator" time="0.0">
    <skipped/>
  </testcase> <!-- calculator -->
</testsuite> <!-- Default test -->
